# JRE version: OpenJDK Runtime Environment Temurin-17.0.7+7 (17.0.7+7) (build 17.0.7+7)
# Java VM: OpenJDK 64-Bit Server VM Temurin-17.0.7+7 (17.0.7+7, mixed mode, tiered, compressed oops, compressed class ptrs, parallel gc, windows-amd64)
GC Precious Log:
 CPUs: 4 total, 4 available
 Memory: 16253M
 Large Page Support: Disabled
 NUMA Support: Disabled
 Compressed Oops: Enabled (32-bit)
 Alignments: Space 512K, Generation 512K, Heap 2M
 Heap Min Capacity: 100M
 Heap Initial Capacity: 100M
 Heap Max Capacity: 1G
 Pre-touch: Disabled
 Parallel Workers: 4
Heap:
 PSYoungGen      total 2560K, used 1563K [0x00000000eab00000, 0x00000000eae80000, 0x0000000100000000)
  eden space 2048K, 54% used [0x00000000eab00000,0x00000000eac16f60,0x00000000ead00000)
  from space 512K, 87% used [0x00000000eae00000,0x00000000eae70000,0x00000000eae80000)
  to   space 512K, 0% used [0x00000000ead80000,0x00000000ead80000,0x00000000eae00000)
 ParOldGen       total 133120K, used 98117K [0x00000000c0000000, 0x00000000c8200000, 0x00000000eab00000)
  object space 133120K, 73% used [0x00000000c0000000,0x00000000c5fd17e8,0x00000000c8200000)
 Metaspace       used 84045K, committed 85056K, reserved 1179648K
  class space    used 8515K, committed 8960K, reserved 1048576K
GC Heap History (20 events):
Event: 2604.924 GC heap before
{Heap before GC invocations=1534 (full 26):
 PSYoungGen      total 2560K, used 2511K [0x00000000eab00000, 0x00000000eaf80000, 0x0000000100000000)
  eden space 2048K, 99% used [0x00000000eab00000,0x00000000eacfffe8,0x00000000ead00000)
  from space 512K, 90% used [0x00000000eaf00000,0x00000000eaf74010,0x00000000eaf80000)
  to   space 1024K, 0% used [0x00000000ead80000,0x00000000ead80000,0x00000000eae80000)
 ParOldGen       total 133120K, used 93812K [0x00000000c0000000, 0x00000000c8200000, 0x00000000eab00000)
  object space 133120K, 70% used [0x00000000c0000000,0x00000000c5b9d3c8,0x00000000c8200000)
 Metaspace       used 84045K, committed 85056K, reserved 1179648K
  class space    used 8515K, committed 8960K, reserved 1048576K
}
Event: 2604.925 GC heap after
{Heap after GC invocations=1534 (full 26):
 PSYoungGen      total 3072K, used 498K [0x00000000eab00000, 0x00000000eaf80000, 0x0000000100000000)
  eden space 2048K, 0% used [0x00000000eab00000,0x00000000eab00000,0x00000000ead00000)
  from space 1024K, 48% used [0x00000000ead80000,0x00000000eadfc810,0x00000000eae80000)
  to   space 1024K, 0% used [0x00000000eae80000,0x00000000eae80000,0x00000000eaf80000)
 ParOldGen       total 133120K, used 94252K [0x00000000c0000000, 0x00000000c8200000, 0x00000000eab00000)
  object space 133120K, 70% used [0x00000000c0000000,0x00000000c5c0b3e8,0x00000000c8200000)
 Metaspace       used 84045K, committed 85056K, reserved 1179648K
  class space    used 8515K, committed 8960K, reserved 1048576K
}
Event: 2604.938 GC heap before
{Heap before GC invocations=1535 (full 26):
 PSYoungGen      total 3072K, used 2545K [0x00000000eab00000, 0x00000000eaf80000, 0x0000000100000000)
  eden space 2048K, 99% used [0x00000000eab00000,0x00000000eacfff80,0x00000000ead00000)
  from space 1024K, 48% used [0x00000000ead80000,0x00000000eadfc810,0x00000000eae80000)
  to   space 1024K, 0% used [0x00000000eae80000,0x00000000eae80000,0x00000000eaf80000)
 ParOldGen       total 133120K, used 94252K [0x00000000c0000000, 0x00000000c8200000, 0x00000000eab00000)
  object space 133120K, 70% used [0x00000000c0000000,0x00000000c5c0b3e8,0x00000000c8200000)
 Metaspace       used 84045K, committed 85056K, reserved 1179648K
  class space    used 8515K, committed 8960K, reserved 1048576K
}
Event: 2604.940 GC heap after
{Heap after GC invocations=1535 (full 26):
 PSYoungGen      total 2560K, used 160K [0x00000000eab00000, 0x00000000eaf00000, 0x0000000100000000)
  eden space 2048K, 0% used [0x00000000eab00000,0x00000000eab00000,0x00000000ead00000)
  from space 512K, 31% used [0x00000000eae80000,0x00000000eaea8000,0x00000000eaf00000)
  to   space 512K, 0% used [0x00000000eae00000,0x00000000eae00000,0x00000000eae80000)
 ParOldGen       total 133120K, used 94693K [0x00000000c0000000, 0x00000000c8200000, 0x00000000eab00000)
  object space 133120K, 71% used [0x00000000c0000000,0x00000000c5c79678,0x00000000c8200000)
 Metaspace       used 84045K, committed 85056K, reserved 1179648K
  class space    used 8515K, committed 8960K, reserved 1048576K
}
Event: 2605.206 GC heap before
{Heap before GC invocations=1536 (full 26):
 PSYoungGen      total 2560K, used 2208K [0x00000000eab00000, 0x00000000eaf00000, 0x0000000100000000)
  eden space 2048K, 100% used [0x00000000eab00000,0x00000000ead00000,0x00000000ead00000)
  from space 512K, 31% used [0x00000000eae80000,0x00000000eaea8000,0x00000000eaf00000)
  to   space 512K, 0% used [0x00000000eae00000,0x00000000eae00000,0x00000000eae80000)
 ParOldGen       total 133120K, used 94693K [0x00000000c0000000, 0x00000000c8200000, 0x00000000eab00000)
  object space 133120K, 71% used [0x00000000c0000000,0x00000000c5c79678,0x00000000c8200000)
 Metaspace       used 84045K, committed 85056K, reserved 1179648K
  class space    used 8515K, committed 8960K, reserved 1048576K
}
Event: 2605.207 GC heap after
{Heap after GC invocations=1536 (full 26):
 PSYoungGen      total 2560K, used 498K [0x00000000eab00000, 0x00000000eb000000, 0x0000000100000000)
  eden space 2048K, 0% used [0x00000000eab00000,0x00000000eab00000,0x00000000ead00000)
  from space 512K, 97% used [0x00000000eae00000,0x00000000eae7c810,0x00000000eae80000)
  to   space 1536K, 0% used [0x00000000eae80000,0x00000000eae80000,0x00000000eb000000)
 ParOldGen       total 133120K, used 95117K [0x00000000c0000000, 0x00000000c8200000, 0x00000000eab00000)
  object space 133120K, 71% used [0x00000000c0000000,0x00000000c5ce36c8,0x00000000c8200000)
 Metaspace       used 84045K, committed 85056K, reserved 1179648K
  class space    used 8515K, committed 8960K, reserved 1048576K
}
Event: 2605.225 GC heap before
{Heap before GC invocations=1537 (full 26):
 PSYoungGen      total 2560K, used 2546K [0x00000000eab00000, 0x00000000eb000000, 0x0000000100000000)
  eden space 2048K, 100% used [0x00000000eab00000,0x00000000ead00000,0x00000000ead00000)
  from space 512K, 97% used [0x00000000eae00000,0x00000000eae7c810,0x00000000eae80000)
  to   space 1536K, 0% used [0x00000000eae80000,0x00000000eae80000,0x00000000eb000000)
 ParOldGen       total 133120K, used 95117K [0x00000000c0000000, 0x00000000c8200000, 0x00000000eab00000)
  object space 133120K, 71% used [0x00000000c0000000,0x00000000c5ce36c8,0x00000000c8200000)
 Metaspace       used 84045K, committed 85056K, reserved 1179648K
  class space    used 8515K, committed 8960K, reserved 1048576K
}
Event: 2605.227 GC heap after
{Heap after GC invocations=1537 (full 26):
 PSYoungGen      total 3072K, used 832K [0x00000000eab00000, 0x00000000eaf80000, 0x0000000100000000)
  eden space 2048K, 0% used [0x00000000eab00000,0x00000000eab00000,0x00000000ead00000)
  from space 1024K, 81% used [0x00000000eae80000,0x00000000eaf50020,0x00000000eaf80000)
  to   space 1024K, 0% used [0x00000000ead80000,0x00000000ead80000,0x00000000eae80000)
 ParOldGen       total 133120K, used 95638K [0x00000000c0000000, 0x00000000c8200000, 0x00000000eab00000)
  object space 133120K, 71% used [0x00000000c0000000,0x00000000c5d65918,0x00000000c8200000)
 Metaspace       used 84045K, committed 85056K, reserved 1179648K
  class space    used 8515K, committed 8960K, reserved 1048576K
}
Event: 2605.601 GC heap before
{Heap before GC invocations=1538 (full 26):
 PSYoungGen      total 3072K, used 2879K [0x00000000eab00000, 0x00000000eaf80000, 0x0000000100000000)
  eden space 2048K, 99% used [0x00000000eab00000,0x00000000eacfffd8,0x00000000ead00000)
  from space 1024K, 81% used [0x00000000eae80000,0x00000000eaf50020,0x00000000eaf80000)
  to   space 1024K, 0% used [0x00000000ead80000,0x00000000ead80000,0x00000000eae80000)
 ParOldGen       total 133120K, used 95638K [0x00000000c0000000, 0x00000000c8200000, 0x00000000eab00000)
  object space 133120K, 71% used [0x00000000c0000000,0x00000000c5d65918,0x00000000c8200000)
 Metaspace       used 84045K, committed 85056K, reserved 1179648K
  class space    used 8515K, committed 8960K, reserved 1048576K
}
Event: 2605.602 GC heap after
{Heap after GC invocations=1538 (full 26):
 PSYoungGen      total 3072K, used 256K [0x00000000eab00000, 0x00000000eaf00000, 0x0000000100000000)
  eden space 2048K, 0% used [0x00000000eab00000,0x00000000eab00000,0x00000000ead00000)
  from space 1024K, 25% used [0x00000000ead80000,0x00000000eadc0000,0x00000000eae80000)
  to   space 512K, 0% used [0x00000000eae80000,0x00000000eae80000,0x00000000eaf00000)
 ParOldGen       total 133120K, used 96229K [0x00000000c0000000, 0x00000000c8200000, 0x00000000eab00000)
  object space 133120K, 72% used [0x00000000c0000000,0x00000000c5df95e8,0x00000000c8200000)
 Metaspace       used 84045K, committed 85056K, reserved 1179648K
  class space    used 8515K, committed 8960K, reserved 1048576K
}
Event: 2605.668 GC heap before
{Heap before GC invocations=1539 (full 26):
 PSYoungGen      total 3072K, used 2304K [0x00000000eab00000, 0x00000000eaf00000, 0x0000000100000000)
  eden space 2048K, 100% used [0x00000000eab00000,0x00000000ead00000,0x00000000ead00000)
  from space 1024K, 25% used [0x00000000ead80000,0x00000000eadc0000,0x00000000eae80000)
  to   space 512K, 0% used [0x00000000eae80000,0x00000000eae80000,0x00000000eaf00000)
 ParOldGen       total 133120K, used 96229K [0x00000000c0000000, 0x00000000c8200000, 0x00000000eab00000)
  object space 133120K, 72% used [0x00000000c0000000,0x00000000c5df95e8,0x00000000c8200000)
 Metaspace       used 84045K, committed 85056K, reserved 1179648K
  class space    used 8515K, committed 8960K, reserved 1048576K
}
Event: 2605.669 GC heap after
{Heap after GC invocations=1539 (full 26):
 PSYoungGen      total 2560K, used 464K [0x00000000eab00000, 0x00000000eaf00000, 0x0000000100000000)
  eden space 2048K, 0% used [0x00000000eab00000,0x00000000eab00000,0x00000000ead00000)
  from space 512K, 90% used [0x00000000eae80000,0x00000000eaef4010,0x00000000eaf00000)
  to   space 512K, 0% used [0x00000000eae00000,0x00000000eae00000,0x00000000eae80000)
 ParOldGen       total 133120K, used 96375K [0x00000000c0000000, 0x00000000c8200000, 0x00000000eab00000)
  object space 133120K, 72% used [0x00000000c0000000,0x00000000c5e1ddf8,0x00000000c8200000)
 Metaspace       used 84045K, committed 85056K, reserved 1179648K
  class space    used 8515K, committed 8960K, reserved 1048576K
}
Event: 2605.685 GC heap before
{Heap before GC invocations=1540 (full 26):
 PSYoungGen      total 2560K, used 2512K [0x00000000eab00000, 0x00000000eaf00000, 0x0000000100000000)
  eden space 2048K, 100% used [0x00000000eab00000,0x00000000ead00000,0x00000000ead00000)
  from space 512K, 90% used [0x00000000eae80000,0x00000000eaef4010,0x00000000eaf00000)
  to   space 512K, 0% used [0x00000000eae00000,0x00000000eae00000,0x00000000eae80000)
 ParOldGen       total 133120K, used 96375K [0x00000000c0000000, 0x00000000c8200000, 0x00000000eab00000)
  object space 133120K, 72% used [0x00000000c0000000,0x00000000c5e1ddf8,0x00000000c8200000)
 Metaspace       used 84045K, committed 85056K, reserved 1179648K
  class space    used 8515K, committed 8960K, reserved 1048576K
}
Event: 2605.686 GC heap after
{Heap after GC invocations=1540 (full 26):
 PSYoungGen      total 2560K, used 480K [0x00000000eab00000, 0x00000000eb000000, 0x0000000100000000)
  eden space 2048K, 0% used [0x00000000eab00000,0x00000000eab00000,0x00000000ead00000)
  from space 512K, 93% used [0x00000000eae00000,0x00000000eae78020,0x00000000eae80000)
  to   space 1536K, 0% used [0x00000000eae80000,0x00000000eae80000,0x00000000eb000000)
 ParOldGen       total 133120K, used 97091K [0x00000000c0000000, 0x00000000c8200000, 0x00000000eab00000)
  object space 133120K, 72% used [0x00000000c0000000,0x00000000c5ed0d18,0x00000000c8200000)
 Metaspace       used 84045K, committed 85056K, reserved 1179648K
  class space    used 8515K, committed 8960K, reserved 1048576K
}
Event: 2606.009 GC heap before
{Heap before GC invocations=1541 (full 26):
 PSYoungGen      total 2560K, used 2528K [0x00000000eab00000, 0x00000000eb000000, 0x0000000100000000)
  eden space 2048K, 99% used [0x00000000eab00000,0x00000000eacffff0,0x00000000ead00000)
  from space 512K, 93% used [0x00000000eae00000,0x00000000eae78020,0x00000000eae80000)
  to   space 1536K, 0% used [0x00000000eae80000,0x00000000eae80000,0x00000000eb000000)
 ParOldGen       total 133120K, used 97091K [0x00000000c0000000, 0x00000000c8200000, 0x00000000eab00000)
  object space 133120K, 72% used [0x00000000c0000000,0x00000000c5ed0d18,0x00000000c8200000)
 Metaspace       used 84045K, committed 85056K, reserved 1179648K
  class space    used 8515K, committed 8960K, reserved 1048576K
}
Event: 2606.010 GC heap after
{Heap after GC invocations=1541 (full 26):
 PSYoungGen      total 2560K, used 210K [0x00000000eab00000, 0x00000000eaf00000, 0x0000000100000000)
  eden space 2048K, 0% used [0x00000000eab00000,0x00000000eab00000,0x00000000ead00000)
  from space 512K, 41% used [0x00000000eae80000,0x00000000eaeb4810,0x00000000eaf00000)
  to   space 1024K, 0% used [0x00000000ead00000,0x00000000ead00000,0x00000000eae00000)
 ParOldGen       total 133120K, used 97563K [0x00000000c0000000, 0x00000000c8200000, 0x00000000eab00000)
  object space 133120K, 73% used [0x00000000c0000000,0x00000000c5f46d48,0x00000000c8200000)
 Metaspace       used 84045K, committed 85056K, reserved 1179648K
  class space    used 8515K, committed 8960K, reserved 1048576K
}
Event: 2606.020 GC heap before
{Heap before GC invocations=1542 (full 26):
 PSYoungGen      total 2560K, used 2258K [0x00000000eab00000, 0x00000000eaf00000, 0x0000000100000000)
  eden space 2048K, 100% used [0x00000000eab00000,0x00000000ead00000,0x00000000ead00000)
  from space 512K, 41% used [0x00000000eae80000,0x00000000eaeb4810,0x00000000eaf00000)
  to   space 1024K, 0% used [0x00000000ead00000,0x00000000ead00000,0x00000000eae00000)
 ParOldGen       total 133120K, used 97563K [0x00000000c0000000, 0x00000000c8200000, 0x00000000eab00000)
  object space 133120K, 73% used [0x00000000c0000000,0x00000000c5f46d48,0x00000000c8200000)
 Metaspace       used 84045K, committed 85056K, reserved 1179648K
  class space    used 8515K, committed 8960K, reserved 1048576K
}
Event: 2606.021 GC heap after
{Heap after GC invocations=1542 (full 26):
 PSYoungGen      total 3072K, used 496K [0x00000000eab00000, 0x00000000eaf00000, 0x0000000100000000)
  eden space 2048K, 0% used [0x00000000eab00000,0x00000000eab00000,0x00000000ead00000)
  from space 1024K, 48% used [0x00000000ead00000,0x00000000ead7c010,0x00000000eae00000)
  to   space 1024K, 0% used [0x00000000eae00000,0x00000000eae00000,0x00000000eaf00000)
 ParOldGen       total 133120K, used 97691K [0x00000000c0000000, 0x00000000c8200000, 0x00000000eab00000)
  object space 133120K, 73% used [0x00000000c0000000,0x00000000c5f66f98,0x00000000c8200000)
 Metaspace       used 84045K, committed 85056K, reserved 1179648K
  class space    used 8515K, committed 8960K, reserved 1048576K
}
Event: 2606.027 GC heap before
{Heap before GC invocations=1543 (full 26):
 PSYoungGen      total 3072K, used 2544K [0x00000000eab00000, 0x00000000eaf00000, 0x0000000100000000)
  eden space 2048K, 100% used [0x00000000eab00000,0x00000000ead00000,0x00000000ead00000)
  from space 1024K, 48% used [0x00000000ead00000,0x00000000ead7c010,0x00000000eae00000)
  to   space 1024K, 0% used [0x00000000eae00000,0x00000000eae00000,0x00000000eaf00000)
 ParOldGen       total 133120K, used 97691K [0x00000000c0000000, 0x00000000c8200000, 0x00000000eab00000)
  object space 133120K, 73% used [0x00000000c0000000,0x00000000c5f66f98,0x00000000c8200000)
 Metaspace       used 84045K, committed 85056K, reserved 1179648K
  class space    used 8515K, committed 8960K, reserved 1048576K
}
Event: 2606.028 GC heap after
{Heap after GC invocations=1543 (full 26):
 PSYoungGen      total 2560K, used 448K [0x00000000eab00000, 0x00000000eae80000, 0x0000000100000000)
  eden space 2048K, 0% used [0x00000000eab00000,0x00000000eab00000,0x00000000ead00000)
  from space 512K, 87% used [0x00000000eae00000,0x00000000eae70000,0x00000000eae80000)
  to   space 512K, 0% used [0x00000000ead80000,0x00000000ead80000,0x00000000eae00000)
 ParOldGen       total 133120K, used 98117K [0x00000000c0000000, 0x00000000c8200000, 0x00000000eab00000)
  object space 133120K, 73% used [0x00000000c0000000,0x00000000c5fd17e8,0x00000000c8200000)
 Metaspace       used 84045K, committed 85056K, reserved 1179648K
  class space    used 8515K, committed 8960K, reserved 1048576K
}

